<?xml version="1.0" encoding="UTF-8"?>
<!-- Generated by org.testng.reporters.JUnitReportReporter -->
<testsuite hostname="ImransDell" failures="0" tests="1" name="com.example.facebook.Facebook" time="32.836" errors="0" timestamp="2023-11-09T14:50:32 IST" skipped="0">
  <testcase classname="com.example.facebook.Facebook" name="uploadImageOnFacebook" time="32.836"/>
  <system-out/>
</testsuite> <!-- com.example.facebook.Facebook -->
